<?xml version="1.0" encoding="UTF-8"?>
<!-- Generated by org.testng.reporters.JUnitXMLReporter -->
<testsuite ignored="0" hostname="DESKTOP-NDR2GDP" failures="1" tests="3" name="Test" time="17.613" errors="0" timestamp="2022-01-22T10:40:41 CET">
  <testcase classname="com.test.OrangeHRMTest" name="loginPageTest" time="0.088"/>
  <testcase classname="com.test.OrangeHRMTest" name="loginTest" time="3.538">
    <failure type="java.lang.AssertionError" message="expected [OrangeHRM1] but found [OrangeHRM]">
      <![CDATA[java.lang.AssertionError: expected [OrangeHRM1] but found [OrangeHRM]
at com.test.OrangeHRMTest.loginTest(OrangeHRMTest.java:25)
at java.base/java.util.ArrayList.forEach(ArrayList.java:1511)
... Removed 33 stack frames]]>
    </failure>
  </testcase> <!-- loginTest -->
  <testcase classname="com.test.OrangeHRMTest" name="sampleTest" time="0.004"/>
</testsuite> <!-- Test -->
